<?xml version="1.0" encoding="UTF-8"?>
<testsuite xmlns:xsi="http://www.w3.org/2001/XMLSchema-instance" xsi:noNamespaceSchemaLocation="https://maven.apache.org/surefire/maven-surefire-plugin/xsd/surefire-test-report-3.0.xsd" version="3.0" name="com.learnwiremock.service.MoviesRestClientTest" time="0" tests="1" errors="0" skipped="1" failures="0">
  <properties>
    <property name="awt.toolkit" value="sun.awt.X11.XToolkit"/>
    <property name="java.specification.version" value="11"/>
    <property name="sun.cpu.isalist" value=""/>
    <property name="sun.jnu.encoding" value="UTF-8"/>
    <property name="java.class.path" value="/home/fedoftoum/DevHome/wiremock-for-java-developers/movies-app/target/test-classes:/home/fedoftoum/DevHome/wiremock-for-java-developers/movies-app/target/classes:/home/fedoftoum/.m2/repository/org/springframework/spring-webflux/5.1.8.RELEASE/spring-webflux-5.1.8.RELEASE.jar:/home/fedoftoum/.m2/repository/io/projectreactor/reactor-core/3.2.10.RELEASE/reactor-core-3.2.10.RELEASE.jar:/home/fedoftoum/.m2/repository/org/reactivestreams/reactive-streams/1.0.2/reactive-streams-1.0.2.jar:/home/fedoftoum/.m2/repository/org/springframework/spring-beans/5.1.8.RELEASE/spring-beans-5.1.8.RELEASE.jar:/home/fedoftoum/.m2/repository/org/springframework/spring-core/5.1.8.RELEASE/spring-core-5.1.8.RELEASE.jar:/home/fedoftoum/.m2/repository/org/springframework/spring-jcl/5.1.8.RELEASE/spring-jcl-5.1.8.RELEASE.jar:/home/fedoftoum/.m2/repository/org/springframework/spring-web/5.1.8.RELEASE/spring-web-5.1.8.RELEASE.jar:/home/fedoftoum/.m2/repository/io/projectreactor/netty/reactor-netty/0.8.9.RELEASE/reactor-netty-0.8.9.RELEASE.jar:/home/fedoftoum/.m2/repository/io/netty/netty-codec-http/4.1.36.Final/netty-codec-http-4.1.36.Final.jar:/home/fedoftoum/.m2/repository/io/netty/netty-common/4.1.36.Final/netty-common-4.1.36.Final.jar:/home/fedoftoum/.m2/repository/io/netty/netty-buffer/4.1.36.Final/netty-buffer-4.1.36.Final.jar:/home/fedoftoum/.m2/repository/io/netty/netty-transport/4.1.36.Final/netty-transport-4.1.36.Final.jar:/home/fedoftoum/.m2/repository/io/netty/netty-resolver/4.1.36.Final/netty-resolver-4.1.36.Final.jar:/home/fedoftoum/.m2/repository/io/netty/netty-codec/4.1.36.Final/netty-codec-4.1.36.Final.jar:/home/fedoftoum/.m2/repository/io/netty/netty-codec-http2/4.1.36.Final/netty-codec-http2-4.1.36.Final.jar:/home/fedoftoum/.m2/repository/io/netty/netty-handler/4.1.36.Final/netty-handler-4.1.36.Final.jar:/home/fedoftoum/.m2/repository/io/netty/netty-handler-proxy/4.1.36.Final/netty-handler-proxy-4.1.36.Final.jar:/home/fedoftoum/.m2/repository/io/netty/netty-codec-socks/4.1.36.Final/netty-codec-socks-4.1.36.Final.jar:/home/fedoftoum/.m2/repository/io/netty/netty-transport-native-epoll/4.1.36.Final/netty-transport-native-epoll-4.1.36.Final-linux-x86_64.jar:/home/fedoftoum/.m2/repository/io/netty/netty-transport-native-unix-common/4.1.36.Final/netty-transport-native-unix-common-4.1.36.Final.jar:/home/fedoftoum/.m2/repository/org/projectlombok/lombok/1.18.8/lombok-1.18.8.jar:/home/fedoftoum/.m2/repository/org/slf4j/slf4j-api/1.7.26/slf4j-api-1.7.26.jar:/home/fedoftoum/.m2/repository/org/slf4j/slf4j-simple/1.7.26/slf4j-simple-1.7.26.jar:/home/fedoftoum/.m2/repository/com/fasterxml/jackson/core/jackson-databind/2.9.9/jackson-databind-2.9.9.jar:/home/fedoftoum/.m2/repository/com/fasterxml/jackson/core/jackson-annotations/2.9.0/jackson-annotations-2.9.0.jar:/home/fedoftoum/.m2/repository/com/fasterxml/jackson/core/jackson-core/2.9.9/jackson-core-2.9.9.jar:/home/fedoftoum/.m2/repository/com/fasterxml/jackson/datatype/jackson-datatype-jdk8/2.9.9/jackson-datatype-jdk8-2.9.9.jar:/home/fedoftoum/.m2/repository/com/fasterxml/jackson/datatype/jackson-datatype-jsr310/2.9.9/jackson-datatype-jsr310-2.9.9.jar:/home/fedoftoum/.m2/repository/com/fasterxml/jackson/module/jackson-module-parameter-names/2.9.9/jackson-module-parameter-names-2.9.9.jar:/home/fedoftoum/.m2/repository/org/junit/jupiter/junit-jupiter-engine/5.5.1/junit-jupiter-engine-5.5.1.jar:/home/fedoftoum/.m2/repository/org/apiguardian/apiguardian-api/1.1.0/apiguardian-api-1.1.0.jar:/home/fedoftoum/.m2/repository/org/junit/platform/junit-platform-engine/1.5.1/junit-platform-engine-1.5.1.jar:/home/fedoftoum/.m2/repository/org/opentest4j/opentest4j/1.2.0/opentest4j-1.2.0.jar:/home/fedoftoum/.m2/repository/org/junit/platform/junit-platform-commons/1.5.1/junit-platform-commons-1.5.1.jar:/home/fedoftoum/.m2/repository/org/junit/jupiter/junit-jupiter-api/5.5.1/junit-jupiter-api-5.5.1.jar:/home/fedoftoum/.m2/repository/com/github/tomakehurst/wiremock-jre8-standalone/2.24.1/wiremock-jre8-standalone-2.24.1.jar:"/>
    <property name="java.vm.vendor" value="Oracle Corporation"/>
    <property name="sun.arch.data.model" value="64"/>
    <property name="java.vendor.url" value="http://java.oracle.com/"/>
    <property name="user.timezone" value=""/>
    <property name="java.vm.specification.version" value="11"/>
    <property name="os.name" value="Linux"/>
    <property name="sun.java.launcher" value="SUN_STANDARD"/>
    <property name="user.country" value="FR"/>
    <property name="sun.boot.library.path" value="/usr/java/jdk-11.0.2/lib"/>
    <property name="sun.java.command" value="/home/fedoftoum/DevHome/wiremock-for-java-developers/movies-app/target/surefire/surefirebooter4012338856529709078.jar /home/fedoftoum/DevHome/wiremock-for-java-developers/movies-app/target/surefire 2020-01-31T09-44-09_629-jvmRun1 surefire15561918990777857345tmp surefire_016930146238289050393tmp"/>
    <property name="jdk.debug" value="release"/>
    <property name="surefire.test.class.path" value="/home/fedoftoum/DevHome/wiremock-for-java-developers/movies-app/target/test-classes:/home/fedoftoum/DevHome/wiremock-for-java-developers/movies-app/target/classes:/home/fedoftoum/.m2/repository/org/springframework/spring-webflux/5.1.8.RELEASE/spring-webflux-5.1.8.RELEASE.jar:/home/fedoftoum/.m2/repository/io/projectreactor/reactor-core/3.2.10.RELEASE/reactor-core-3.2.10.RELEASE.jar:/home/fedoftoum/.m2/repository/org/reactivestreams/reactive-streams/1.0.2/reactive-streams-1.0.2.jar:/home/fedoftoum/.m2/repository/org/springframework/spring-beans/5.1.8.RELEASE/spring-beans-5.1.8.RELEASE.jar:/home/fedoftoum/.m2/repository/org/springframework/spring-core/5.1.8.RELEASE/spring-core-5.1.8.RELEASE.jar:/home/fedoftoum/.m2/repository/org/springframework/spring-jcl/5.1.8.RELEASE/spring-jcl-5.1.8.RELEASE.jar:/home/fedoftoum/.m2/repository/org/springframework/spring-web/5.1.8.RELEASE/spring-web-5.1.8.RELEASE.jar:/home/fedoftoum/.m2/repository/io/projectreactor/netty/reactor-netty/0.8.9.RELEASE/reactor-netty-0.8.9.RELEASE.jar:/home/fedoftoum/.m2/repository/io/netty/netty-codec-http/4.1.36.Final/netty-codec-http-4.1.36.Final.jar:/home/fedoftoum/.m2/repository/io/netty/netty-common/4.1.36.Final/netty-common-4.1.36.Final.jar:/home/fedoftoum/.m2/repository/io/netty/netty-buffer/4.1.36.Final/netty-buffer-4.1.36.Final.jar:/home/fedoftoum/.m2/repository/io/netty/netty-transport/4.1.36.Final/netty-transport-4.1.36.Final.jar:/home/fedoftoum/.m2/repository/io/netty/netty-resolver/4.1.36.Final/netty-resolver-4.1.36.Final.jar:/home/fedoftoum/.m2/repository/io/netty/netty-codec/4.1.36.Final/netty-codec-4.1.36.Final.jar:/home/fedoftoum/.m2/repository/io/netty/netty-codec-http2/4.1.36.Final/netty-codec-http2-4.1.36.Final.jar:/home/fedoftoum/.m2/repository/io/netty/netty-handler/4.1.36.Final/netty-handler-4.1.36.Final.jar:/home/fedoftoum/.m2/repository/io/netty/netty-handler-proxy/4.1.36.Final/netty-handler-proxy-4.1.36.Final.jar:/home/fedoftoum/.m2/repository/io/netty/netty-codec-socks/4.1.36.Final/netty-codec-socks-4.1.36.Final.jar:/home/fedoftoum/.m2/repository/io/netty/netty-transport-native-epoll/4.1.36.Final/netty-transport-native-epoll-4.1.36.Final-linux-x86_64.jar:/home/fedoftoum/.m2/repository/io/netty/netty-transport-native-unix-common/4.1.36.Final/netty-transport-native-unix-common-4.1.36.Final.jar:/home/fedoftoum/.m2/repository/org/projectlombok/lombok/1.18.8/lombok-1.18.8.jar:/home/fedoftoum/.m2/repository/org/slf4j/slf4j-api/1.7.26/slf4j-api-1.7.26.jar:/home/fedoftoum/.m2/repository/org/slf4j/slf4j-simple/1.7.26/slf4j-simple-1.7.26.jar:/home/fedoftoum/.m2/repository/com/fasterxml/jackson/core/jackson-databind/2.9.9/jackson-databind-2.9.9.jar:/home/fedoftoum/.m2/repository/com/fasterxml/jackson/core/jackson-annotations/2.9.0/jackson-annotations-2.9.0.jar:/home/fedoftoum/.m2/repository/com/fasterxml/jackson/core/jackson-core/2.9.9/jackson-core-2.9.9.jar:/home/fedoftoum/.m2/repository/com/fasterxml/jackson/datatype/jackson-datatype-jdk8/2.9.9/jackson-datatype-jdk8-2.9.9.jar:/home/fedoftoum/.m2/repository/com/fasterxml/jackson/datatype/jackson-datatype-jsr310/2.9.9/jackson-datatype-jsr310-2.9.9.jar:/home/fedoftoum/.m2/repository/com/fasterxml/jackson/module/jackson-module-parameter-names/2.9.9/jackson-module-parameter-names-2.9.9.jar:/home/fedoftoum/.m2/repository/org/junit/jupiter/junit-jupiter-engine/5.5.1/junit-jupiter-engine-5.5.1.jar:/home/fedoftoum/.m2/repository/org/apiguardian/apiguardian-api/1.1.0/apiguardian-api-1.1.0.jar:/home/fedoftoum/.m2/repository/org/junit/platform/junit-platform-engine/1.5.1/junit-platform-engine-1.5.1.jar:/home/fedoftoum/.m2/repository/org/opentest4j/opentest4j/1.2.0/opentest4j-1.2.0.jar:/home/fedoftoum/.m2/repository/org/junit/platform/junit-platform-commons/1.5.1/junit-platform-commons-1.5.1.jar:/home/fedoftoum/.m2/repository/org/junit/jupiter/junit-jupiter-api/5.5.1/junit-jupiter-api-5.5.1.jar:/home/fedoftoum/.m2/repository/com/github/tomakehurst/wiremock-jre8-standalone/2.24.1/wiremock-jre8-standalone-2.24.1.jar:"/>
    <property name="sun.cpu.endian" value="little"/>
    <property name="user.home" value="/home/fedoftoum"/>
    <property name="user.language" value="fr"/>
    <property name="java.specification.vendor" value="Oracle Corporation"/>
    <property name="java.version.date" value="2019-01-15"/>
    <property name="java.home" value="/usr/java/jdk-11.0.2"/>
    <property name="file.separator" value="/"/>
    <property name="basedir" value="/home/fedoftoum/DevHome/wiremock-for-java-developers/movies-app"/>
    <property name="java.vm.compressedOopsMode" value="32-bit"/>
    <property name="line.separator" value="&#10;"/>
    <property name="java.specification.name" value="Java Platform API Specification"/>
    <property name="java.vm.specification.vendor" value="Oracle Corporation"/>
    <property name="java.awt.graphicsenv" value="sun.awt.X11GraphicsEnvironment"/>
    <property name="surefire.real.class.path" value="/home/fedoftoum/DevHome/wiremock-for-java-developers/movies-app/target/surefire/surefirebooter4012338856529709078.jar"/>
    <property name="sun.management.compiler" value="HotSpot 64-Bit Tiered Compilers"/>
    <property name="java.runtime.version" value="11.0.2+9-LTS"/>
    <property name="user.name" value="fedoftoum"/>
    <property name="path.separator" value=":"/>
    <property name="os.version" value="5.0.3-200.fc29.x86_64"/>
    <property name="java.runtime.name" value="Java(TM) SE Runtime Environment"/>
    <property name="file.encoding" value="UTF-8"/>
    <property name="java.vm.name" value="Java HotSpot(TM) 64-Bit Server VM"/>
    <property name="java.vendor.version" value="18.9"/>
    <property name="localRepository" value="/home/fedoftoum/.m2/repository"/>
    <property name="java.vendor.url.bug" value="http://bugreport.java.com/bugreport/"/>
    <property name="java.io.tmpdir" value="/tmp"/>
    <property name="java.version" value="11.0.2"/>
    <property name="user.dir" value="/home/fedoftoum/DevHome/wiremock-for-java-developers/movies-app"/>
    <property name="os.arch" value="amd64"/>
    <property name="java.vm.specification.name" value="Java Virtual Machine Specification"/>
    <property name="java.awt.printerjob" value="sun.print.PSPrinterJob"/>
    <property name="sun.os.patch.level" value="unknown"/>
    <property name="idea.version2019.1" value="true"/>
    <property name="java.library.path" value="/usr/java/packages/lib:/usr/lib64:/lib64:/lib:/usr/lib"/>
    <property name="java.vendor" value="Oracle Corporation"/>
    <property name="java.vm.info" value="mixed mode"/>
    <property name="java.vm.version" value="11.0.2+9-LTS"/>
    <property name="sun.io.unicode.encoding" value="UnicodeLittle"/>
    <property name="java.class.version" value="55.0"/>
  </properties>
  <testcase name="com.learnwiremock.service.MoviesRestClientTest" classname="com.learnwiremock.service.MoviesRestClientTest" time="0">
    <skipped message="class com.learnwiremock.service.MoviesRestClientTest is @Disabled"/>
  </testcase>
</testsuite>